#
# There is insufficient memory for the Java Runtime Environment to continue.
# Native memory allocation (mmap) failed to map 2147483648 bytes for Failed to commit area from 0x0000000082000000 to 0x0000000102000000 of length 2147483648.
# Possible reasons:
#   The system is out of physical RAM or swap space
#   The process is running with CompressedOops enabled, and the Java Heap may be blocking the growth of the native heap
# Possible solutions:
#   Reduce memory load on the system
#   Increase physical memory or swap space
#   Check if swap backing store is full
#   Decrease Java heap size (-Xmx/-Xms)
#   Decrease number of Java threads
#   Decrease Java thread stack sizes (-Xss)
#   Set larger code cache with -XX:ReservedCodeCacheSize=
# This output file may be truncated or incomplete.
#
#  Out of Memory Error (./open/src/hotspot/os/windows/os_windows.cpp:3275), pid=318168, tid=362468
#
# JRE version:  (11.0.8+10) (build )
# Java VM: Java HotSpot(TM) 64-Bit Server VM (11.0.8+10-LTS, mixed mode, sharing, tiered, compressed oops, g1 gc, windows-amd64)
# Core dump will be written. Default location: C:\Users\Rat105478\CucumberReportWorkSpace\BVLaminarAutomationWithReport\hs_err_pid318168.mdmp
#

---------------  S U M M A R Y ------------

Command Line: -Dfile.encoding=Cp1252 cucumber.api.cli.Main C:/Users/Rat105478/CucumberReportWorkSpace/BVLaminarAutomationWithReport/src/test/resources/features/06_AssignDisciplineTeamDPS.feature --glue classpath: --plugin pretty --monochrome

Host: Intel(R) Xeon(R) Platinum 8171M CPU @ 2.60GHz, 16 cores, 127G,  Windows Server 2019 , 64 bit Build 17763 (10.0.17763.475)
Time: Wed Jan  6 07:17:04 2021 Coordinated Universal Time elapsed time: 0 seconds (0d 0h 0m 0s)

---------------  T H R E A D  ---------------

Current thread (0x00000253f5cd8000):  JavaThread "Unknown thread" [_thread_in_vm, id=362468, stack(0x0000009729900000,0x0000009729a00000)]

Stack: [0x0000009729900000,0x0000009729a00000]
Native frames: (J=compiled Java code, j=interpreted, Vv=VM code, C=native code)
V  [jvm.dll+0x601aea]
V  [jvm.dll+0x737fef]
V  [jvm.dll+0x739675]
V  [jvm.dll+0x739cf3]
V  [jvm.dll+0x242848]
V  [jvm.dll+0x5fef8a]
V  [jvm.dll+0x5f3eb5]
V  [jvm.dll+0x2f651c]
V  [jvm.dll+0x2f63a2]
V  [jvm.dll+0x2fb056]
V  [jvm.dll+0x33ce9f]
V  [jvm.dll+0x33c8d0]
V  [jvm.dll+0x2d4768]
V  [jvm.dll+0x2d58c6]
V  [jvm.dll+0x713e67]
V  [jvm.dll+0x71570f]
V  [jvm.dll+0x349c19]
V  [jvm.dll+0x6f97f0]
V  [jvm.dll+0x3b2a5f]
V  [jvm.dll+0x3b4e81]
C  [jli.dll+0x5213]
C  [ucrtbase.dll+0x2268a]
C  [KERNEL32.DLL+0x17974]
C  [ntdll.dll+0x5a0b1]


---------------  P R O C E S S  ---------------

Threads class SMR info:
_java_thread_list=0x00000253f3a3e520, length=0, elements={
}

Java Threads: ( => current thread )

Other Threads:
  0x00000253f5ced800 GCTaskThread "GC Thread#0" [stack: 0x0000009729a00000,0x0000009729b00000] [id=384128]
  0x00000253f5d59800 ConcurrentGCThread "G1 Main Marker" [stack: 0x0000009729b00000,0x0000009729c00000] [id=371208]
  0x00000253f5d5b000 ConcurrentGCThread "G1 Conc#0" [stack: 0x0000009729c00000,0x0000009729d00000] [id=352252]

[error occurred during error reporting (printing all threads), id 0xc0000005, EXCEPTION_ACCESS_VIOLATION (0xc0000005) at pc=0x00007ffda95b2f67]

VM state:not at safepoint (not fully initialized)

VM Mutex/Monitor currently owned by a thread:  ([mutex/lock_event])
[0x00000253f5cd6d90] Heap_lock - owner thread: 0x00000253f5cd8000

Heap address: 0x0000000082000000, size: 30688 MB, Compressed Oops mode: Non-zero based: 0x0000000082000000
Narrow klass base: 0x0000000000000000, Narrow klass shift: 0

GC Heap History (0 events):
No events

Deoptimization events (0 events):
No events

Classes redefined (0 events):
No events

Internal exceptions (0 events):
No events

Events (0 events):
No events


Dynamic libraries:
0x00007ff7fca70000 - 0x00007ff7fca7f000 	C:\Java\jdk-11.0.8\bin\javaw.exe
0x00007ffe6cad0000 - 0x00007ffe6ccbd000 	C:\windows\SYSTEM32\ntdll.dll
0x00007ffe49970000 - 0x00007ffe49997000 	C:\Program Files\Cylance\Desktop\CyMemDef64.dll
0x00007ffe69eb0000 - 0x00007ffe69f63000 	C:\windows\System32\KERNEL32.DLL
0x00007ffe699b0000 - 0x00007ffe69c45000 	C:\windows\System32\KERNELBASE.dll
0x00007ffe68c50000 - 0x00007ffe68d4a000 	C:\windows\System32\ucrtbase.dll
0x00007ffe532d0000 - 0x00007ffe532e8000 	C:\Java\jdk-11.0.8\bin\jli.dll
0x00007ffe69f70000 - 0x00007ffe6a013000 	C:\windows\System32\ADVAPI32.dll
0x00007ffe6c2c0000 - 0x00007ffe6c35e000 	C:\windows\System32\msvcrt.dll
0x00007ffe6ba80000 - 0x00007ffe6bb1f000 	C:\windows\System32\sechost.dll
0x00007ffe6a020000 - 0x00007ffe6a142000 	C:\windows\System32\RPCRT4.dll
0x00007ffe6bc90000 - 0x00007ffe6be27000 	C:\windows\System32\USER32.dll
0x00007ffe697f0000 - 0x00007ffe69810000 	C:\windows\System32\win32u.dll
0x00007ffe6a3d0000 - 0x00007ffe6a3f9000 	C:\windows\System32\GDI32.dll
0x00007ffe69810000 - 0x00007ffe699ac000 	C:\windows\System32\gdi32full.dll
0x00007ffe69c50000 - 0x00007ffe69cf0000 	C:\windows\System32\msvcp_win.dll
0x00007ffe4ff60000 - 0x00007ffe4ff75000 	C:\Java\jdk-11.0.8\bin\VCRUNTIME140.dll
0x00007ffe54350000 - 0x00007ffe545c9000 	C:\windows\WinSxS\amd64_microsoft.windows.common-controls_6595b64144ccf1df_6.0.17763.1637_none_de704308534c3ec5\COMCTL32.dll
0x00007ffe6bf90000 - 0x00007ffe6c2be000 	C:\windows\System32\combase.dll
0x00007ffe68d50000 - 0x00007ffe68dcf000 	C:\windows\System32\bcryptPrimitives.dll
0x00007ffe61120000 - 0x00007ffe6112a000 	C:\windows\SYSTEM32\VERSION.dll
0x00007ffe6b990000 - 0x00007ffe6b9be000 	C:\windows\System32\IMM32.DLL
0x00007ffe00200000 - 0x00007ffe0029b000 	C:\Java\jdk-11.0.8\bin\msvcp140.dll
0x00007ffda92d0000 - 0x00007ffda9db6000 	C:\Java\jdk-11.0.8\bin\server\jvm.dll
0x00007ffe69cf0000 - 0x00007ffe69cf8000 	C:\windows\System32\PSAPI.DLL
0x00007ffe48cf0000 - 0x00007ffe48cf9000 	C:\windows\SYSTEM32\WSOCK32.dll
0x00007ffe6b920000 - 0x00007ffe6b98d000 	C:\windows\System32\WS2_32.dll
0x00007ffe669f0000 - 0x00007ffe66a14000 	C:\windows\SYSTEM32\WINMM.dll
0x00007ffe669c0000 - 0x00007ffe669ed000 	C:\windows\SYSTEM32\WINMMBASE.dll
0x00007ffe68ba0000 - 0x00007ffe68bea000 	C:\windows\System32\cfgmgr32.dll
0x00007ffe68ab0000 - 0x00007ffe68ac1000 	C:\windows\System32\kernel.appcore.dll
0x00007ffe542c0000 - 0x00007ffe542d0000 	C:\Java\jdk-11.0.8\bin\verify.dll
0x00007ffe5fbb0000 - 0x00007ffe5fd9d000 	C:\windows\SYSTEM32\DBGHELP.DLL
0x00007ffe5f930000 - 0x00007ffe5f95a000 	C:\windows\SYSTEM32\dbgcore.DLL
0x00007ffe2d640000 - 0x00007ffe2d668000 	C:\Java\jdk-11.0.8\bin\java.dll
0x00007ffe542a0000 - 0x00007ffe542aa000 	C:\Java\jdk-11.0.8\bin\jimage.dll
0x00007ffe4f380000 - 0x00007ffe4f396000 	C:\Java\jdk-11.0.8\bin\zip.dll

dbghelp: loaded successfully - version: 4.0.5 - missing functions: none
symbol engine: initialized successfully - sym options: 0x614 - pdb path: .;C:\Java\jdk-11.0.8\bin;C:\windows\SYSTEM32;C:\Program Files\Cylance\Desktop;C:\windows\WinSxS\amd64_microsoft.windows.common-controls_6595b64144ccf1df_6.0.17763.1637_none_de704308534c3ec5;C:\Java\jdk-11.0.8\bin\server

VM Arguments:
jvm_args: -Dfile.encoding=Cp1252 
java_command: cucumber.api.cli.Main C:/Users/Rat105478/CucumberReportWorkSpace/BVLaminarAutomationWithReport/src/test/resources/features/06_AssignDisciplineTeamDPS.feature --glue classpath: --plugin pretty --monochrome
java_class_path (initial): C:\Users\Rat105478\CucumberReportWorkSpace\BVLaminarAutomationWithReport\target\classes;C:\Users\Rat105478\CucumberReportWorkSpace\BVLaminarAutomationWithReport\target\test-classes;C:\Users\Rat105478\.m2\repository\io\cucumber\cucumber-java\5.7.0\cucumber-java-5.7.0.jar;C:\Users\Rat105478\.m2\repository\io\cucumber\cucumber-core\5.7.0\cucumber-core-5.7.0.jar;C:\Users\Rat105478\.m2\repository\io\cucumber\cucumber-gherkin\5.7.0\cucumber-gherkin-5.7.0.jar;C:\Users\Rat105478\.m2\repository\io\cucumber\cucumber-gherkin-vintage\5.7.0\cucumber-gherkin-vintage-5.7.0.jar;C:\Users\Rat105478\.m2\repository\io\cucumber\tag-expressions\2.0.4\tag-expressions-2.0.4.jar;C:\Users\Rat105478\.m2\repository\io\cucumber\cucumber-expressions\8.3.1\cucumber-expressions-8.3.1.jar;C:\Users\Rat105478\.m2\repository\io\cucumber\datatable\3.3.1\datatable-3.3.1.jar;C:\Users\Rat105478\.m2\repository\io\cucumber\cucumber-plugin\5.7.0\cucumber-plugin-5.7.0.jar;C:\Users\Rat105478\.m2\repository\io\cucumber\docstring\5.7.0\docstring-5.7.0.jar;C:\Users\Rat105478\.m2\repository\org\apiguardian\apiguardian-api\1.1.0\apiguardian-api-1.1.0.jar;C:\Users\Rat105478\.m2\repository\junit\junit\4.13\junit-4.13.jar;C:\Users\Rat105478\.m2\repository\org\hamcrest\hamcrest-core\1.3\hamcrest-core-1.3.jar;C:\Users\Rat105478\.m2\repository\io\cucumber\cucumber-junit\5.7.0\cucumber-junit-5.7.0.jar;C:\Users\Rat105478\.m2\repository\org\seleniumhq\selenium\selenium-java\4.0.0-alpha-5\selenium-java-4.0.0-alpha-5.jar;C:\Users\Rat105478\.m2\repository\org\seleniumhq\selenium\selenium-api\4.0.0-alpha-5\selenium-api-4.0.0-alpha-5.jar;C:\Users\Rat105478\.m2\repository\org\seleniumhq\selenium\selenium-chrome-driver\4.0.0-alpha-5\selenium-chrome-driver-4.0.0-alpha-5.jar;C:\Users\Rat105478\.m2\repository\com\google\auto\service\auto-service-annotations\1.0-rc6\auto-service-annotations-1.0-rc6.jar;C:\Users\Rat105478\.m2\repository\com\google\auto\service\auto-service\1.0-rc6\auto-service-1.0-rc6.jar;C
Launcher Type: SUN_STANDARD

[Global flags]
     intx CICompilerCount                          = 12                                        {product} {ergonomic}
     uint ConcGCThreads                            = 3                                         {product} {ergonomic}
     uint G1ConcRefinementThreads                  = 13                                        {product} {ergonomic}
   size_t G1HeapRegionSize                         = 4194304                                   {product} {ergonomic}
    uintx GCDrainStackTargetSize                   = 64                                        {product} {ergonomic}
   size_t InitialHeapSize                          = 2147483648                                {product} {ergonomic}
   size_t MarkStackSize                            = 4194304                                   {product} {ergonomic}
   size_t MaxHeapSize                              = 32178700288                               {product} {ergonomic}
   size_t MinHeapDeltaBytes                        = 4194304                                   {product} {ergonomic}
    uintx NonNMethodCodeHeapSize                   = 7594288                                {pd product} {ergonomic}
    uintx NonProfiledCodeHeapSize                  = 122031976                              {pd product} {ergonomic}
    uintx ProfiledCodeHeapSize                     = 122031976                              {pd product} {ergonomic}
    uintx ReservedCodeCacheSize                    = 251658240                              {pd product} {ergonomic}
     bool SegmentedCodeCache                       = true                                      {product} {ergonomic}
     bool UseCompressedClassPointers               = true                                 {lp64_product} {ergonomic}
     bool UseCompressedOops                        = true                                 {lp64_product} {ergonomic}
     bool UseG1GC                                  = true                                      {product} {ergonomic}
     bool UseLargePagesIndividualAllocation        = false                                  {pd product} {ergonomic}

Logging:
Log output configuration:
 #0: stdout all=warning uptime,level,tags
 #1: stderr all=off uptime,level,tags

Environment Variables:
JAVA_HOME=C:\Java\jdk-11.0.8
PATH=C:\Python39\Scripts\;C:\Python39\;C:\Program Files\Common Files\Oracle\Java\javapath;C:\windows\system32;C:\windows;C:\windows\System32\Wbem;C:\windows\System32\WindowsPowerShell\v1.0\;C:\windows\System32\OpenSSH\;C:\ProgramData\chocolatey\bin;C:\Java\jdk-11.0.8\bin;C:\Program Files\Docker\Docker\resources\bin;C:\ProgramData\DockerDesktop\version-bin;C:\Program Files\dotnet\;C:\Program Files\Microsoft SQL Server\130\Tools\Binn\;C:\Program Files\Microsoft SQL Server\Client SDK\ODBC\170\Tools\Binn\;C:\Program Files\Microsoft VS Code\bin;C:\apache-maven-3.6.3\bin;C:\Users\Tri105493\AppData\Roaming\nvm;C:\Program Files\nodejs;C:\Program Files\Microsoft\Web Platform Installer\;C:\Program Files (x86)\Microsoft SDKs\Azure\CLI\wbin;C:\Program Files\k6\;C:\Program Files\MySQL\MySQL Server 5.5\bin;C:\Program Files\nodejs\;C:\Program Files\Git\cmd;C:\Users\Rat105478\AppData\Local\Microsoft\WindowsApps;C:\Users\Rat105478\.dotnet\tools;C:\Users\Rat105478\AppData\Local\Programs\Microsoft VS Code\bin;C:\Users\Rat105478\AppData\Roaming\npm;
USERNAME=Rat105478
OS=Windows_NT
PROCESSOR_IDENTIFIER=Intel64 Family 6 Model 85 Stepping 4, GenuineIntel



---------------  S Y S T E M  ---------------

OS: Windows Server 2019 , 64 bit Build 17763 (10.0.17763.475)
HyperV virtualization detected

CPU:total 16 (initial active 16) (8 cores per cpu, 2 threads per core) family 6 model 85 stepping 4, cmov, cx8, fxsr, mmx, sse, sse2, sse3, ssse3, sse4.1, sse4.2, popcnt, avx, avx2, aes, clmul, erms, rtm, 3dnowpref, lzcnt, ht, tsc, bmi1, bmi2, adx, fma

Memory: 4k page, system-wide physical 131071M (2729M free)
TotalPageFile size 163839M (AvailPageFile size 1978M)
current process WorkingSet (physical memory assigned to process): 11M, peak: 11M
current process commit charge ("private bytes"): 74M, peak: 2121M

vm_info: Java HotSpot(TM) 64-Bit Server VM (11.0.8+10-LTS) for windows-amd64 JRE (11.0.8+10-LTS), built on Jun 16 2020 05:53:08 by "mach5one" with unknown MS VC++:1916

END.
